2019-03-04 17:50:06 DEBUG SpringJUnit4ClassRunner:139 - SpringJUnit4ClassRunner constructor called with [class experise.UserLoginTest]
2019-03-04 17:50:06 DEBUG BootstrapUtils:97 - Instantiating CacheAwareContextLoaderDelegate from class [org.springframework.test.context.cache.DefaultCacheAwareContextLoaderDelegate]
2019-03-04 17:50:06 DEBUG BootstrapUtils:80 - Instantiating BootstrapContext using constructor [public org.springframework.test.context.support.DefaultBootstrapContext(java.lang.Class,org.springframework.test.context.CacheAwareContextLoaderDelegate)]
2019-03-04 17:50:06 DEBUG BootstrapUtils:133 - Instantiating TestContextBootstrapper for test class [experise.UserLoginTest] from class [org.springframework.test.context.support.DefaultTestContextBootstrapper]
2019-03-04 17:50:06 DEBUG AbstractDelegatingSmartContextLoader:263 - Delegating to GenericXmlContextLoader to process context configuration [ContextConfigurationAttributes@222545dc declaringClass = 'experise.UserLoginTest', classes = '{}', locations = '{/spring.xml}', inheritLocations = true, initializers = '{}', inheritInitializers = true, name = [null], contextLoaderClass = 'org.springframework.test.context.ContextLoader'].
2019-03-04 17:50:06 DEBUG ActiveProfilesUtils:79 - Could not find an 'annotation declaring class' for annotation type [org.springframework.test.context.ActiveProfiles] and class [experise.UserLoginTest]
2019-03-04 17:50:06 DEBUG DefaultTestContextBootstrapper:125 - @TestExecutionListeners is not present for class [experise.UserLoginTest]: using defaults.
2019-03-04 17:50:06  INFO DefaultTestContextBootstrapper:248 - Loaded default TestExecutionListener class names from location [META-INF/spring.factories]: [org.springframework.test.context.web.ServletTestExecutionListener, org.springframework.test.context.support.DirtiesContextBeforeModesTestExecutionListener, org.springframework.test.context.support.DependencyInjectionTestExecutionListener, org.springframework.test.context.support.DirtiesContextTestExecutionListener, org.springframework.test.context.transaction.TransactionalTestExecutionListener, org.springframework.test.context.jdbc.SqlScriptsTestExecutionListener]
2019-03-04 17:50:06 DEBUG DefaultTestContextBootstrapper:192 - Skipping candidate TestExecutionListener [org.springframework.test.context.web.ServletTestExecutionListener] due to a missing dependency. Specify custom listener classes or make the default listener classes and their required dependencies available. Offending class: [javax/servlet/ServletContext]
2019-03-04 17:50:06 DEBUG DefaultTestContextBootstrapper:192 - Skipping candidate TestExecutionListener [org.springframework.test.context.transaction.TransactionalTestExecutionListener] due to a missing dependency. Specify custom listener classes or make the default listener classes and their required dependencies available. Offending class: [org/springframework/transaction/interceptor/TransactionAttributeSource]
2019-03-04 17:50:06 DEBUG DefaultTestContextBootstrapper:192 - Skipping candidate TestExecutionListener [org.springframework.test.context.jdbc.SqlScriptsTestExecutionListener] due to a missing dependency. Specify custom listener classes or make the default listener classes and their required dependencies available. Offending class: [org/springframework/transaction/interceptor/TransactionAttribute]
2019-03-04 17:50:06  INFO DefaultTestContextBootstrapper:177 - Using TestExecutionListeners: [org.springframework.test.context.support.DirtiesContextBeforeModesTestExecutionListener@13c9d689, org.springframework.test.context.support.DependencyInjectionTestExecutionListener@3754a4bf, org.springframework.test.context.support.DirtiesContextTestExecutionListener@62379589]
2019-03-04 17:50:06 DEBUG ProfileValueUtils:70 - Retrieved @ProfileValueSourceConfiguration [null] for test class [experise.UserLoginTest]
2019-03-04 17:50:06 DEBUG ProfileValueUtils:83 - Retrieved ProfileValueSource type [class org.springframework.test.annotation.SystemProfileValueSource] for class [experise.UserLoginTest]
2019-03-04 17:50:06 DEBUG ProfileValueUtils:70 - Retrieved @ProfileValueSourceConfiguration [null] for test class [experise.UserLoginTest]
2019-03-04 17:50:06 DEBUG ProfileValueUtils:83 - Retrieved ProfileValueSource type [class org.springframework.test.annotation.SystemProfileValueSource] for class [experise.UserLoginTest]
2019-03-04 17:50:06 DEBUG ProfileValueUtils:70 - Retrieved @ProfileValueSourceConfiguration [null] for test class [experise.UserLoginTest]
2019-03-04 17:50:06 DEBUG ProfileValueUtils:83 - Retrieved ProfileValueSource type [class org.springframework.test.annotation.SystemProfileValueSource] for class [experise.UserLoginTest]
2019-03-04 17:50:06 DEBUG ProfileValueUtils:70 - Retrieved @ProfileValueSourceConfiguration [null] for test class [experise.UserLoginTest]
2019-03-04 17:50:06 DEBUG ProfileValueUtils:83 - Retrieved ProfileValueSource type [class org.springframework.test.annotation.SystemProfileValueSource] for class [experise.UserLoginTest]
2019-03-04 17:50:06 DEBUG AbstractDirtiesContextTestExecutionListener:142 - Before test class: context [DefaultTestContext@4e08711f testClass = UserLoginTest, testInstance = [null], testMethod = [null], testException = [null], mergedContextConfiguration = [MergedContextConfiguration@bcec361 testClass = UserLoginTest, locations = '{classpath:/spring.xml}', classes = '{}', contextInitializerClasses = '[]', activeProfiles = '{}', propertySourceLocations = '{}', propertySourceProperties = '{}', contextCustomizers = set[[empty]], contextLoader = 'org.springframework.test.context.support.DelegatingSmartContextLoader', parent = [null]], attributes = map[[empty]]], class annotated with @DirtiesContext [false] with mode [null].
2019-03-04 17:50:06 DEBUG ProfileValueUtils:70 - Retrieved @ProfileValueSourceConfiguration [null] for test class [experise.UserLoginTest]
2019-03-04 17:50:06 DEBUG ProfileValueUtils:83 - Retrieved ProfileValueSource type [class org.springframework.test.annotation.SystemProfileValueSource] for class [experise.UserLoginTest]
2019-03-04 17:50:06 DEBUG DependencyInjectionTestExecutionListener:81 - Performing dependency injection for test context [[DefaultTestContext@4e08711f testClass = UserLoginTest, testInstance = experise.UserLoginTest@5dda768f, testMethod = [null], testException = [null], mergedContextConfiguration = [MergedContextConfiguration@bcec361 testClass = UserLoginTest, locations = '{classpath:/spring.xml}', classes = '{}', contextInitializerClasses = '[]', activeProfiles = '{}', propertySourceLocations = '{}', propertySourceProperties = '{}', contextCustomizers = set[[empty]], contextLoader = 'org.springframework.test.context.support.DelegatingSmartContextLoader', parent = [null]], attributes = map[[empty]]]].
2019-03-04 17:50:06 DEBUG AbstractDelegatingSmartContextLoader:273 - Delegating to GenericXmlContextLoader to load context from [MergedContextConfiguration@bcec361 testClass = UserLoginTest, locations = '{classpath:/spring.xml}', classes = '{}', contextInitializerClasses = '[]', activeProfiles = '{}', propertySourceLocations = '{}', propertySourceProperties = '{}', contextCustomizers = set[[empty]], contextLoader = 'org.springframework.test.context.support.DelegatingSmartContextLoader', parent = [null]].
2019-03-04 17:50:06 DEBUG AbstractGenericContextLoader:109 - Loading ApplicationContext for merged context configuration [[MergedContextConfiguration@bcec361 testClass = UserLoginTest, locations = '{classpath:/spring.xml}', classes = '{}', contextInitializerClasses = '[]', activeProfiles = '{}', propertySourceLocations = '{}', propertySourceProperties = '{}', contextCustomizers = set[[empty]], contextLoader = 'org.springframework.test.context.support.DelegatingSmartContextLoader', parent = [null]]].
2019-03-04 17:50:06 DEBUG StandardEnvironment:252 - Activating profiles []
2019-03-04 17:50:07 DEBUG XmlBeanDefinitionReader:395 - Loaded 11 bean definitions from class path resource [spring.xml]
2019-03-04 17:50:07 DEBUG GenericApplicationContext:594 - Refreshing org.springframework.context.support.GenericApplicationContext@4961f6af
2019-03-04 17:50:07 DEBUG DefaultListableBeanFactory:213 - Creating shared instance of singleton bean 'org.springframework.context.annotation.internalConfigurationAnnotationProcessor'
2019-03-04 17:50:07 DEBUG DefaultListableBeanFactory:213 - Creating shared instance of singleton bean 'org.springframework.context.event.internalEventListenerProcessor'
2019-03-04 17:50:07 DEBUG DefaultListableBeanFactory:213 - Creating shared instance of singleton bean 'org.springframework.context.event.internalEventListenerFactory'
2019-03-04 17:50:07 DEBUG DefaultListableBeanFactory:213 - Creating shared instance of singleton bean 'org.springframework.context.annotation.internalAutowiredAnnotationProcessor'
2019-03-04 17:50:07 DEBUG DefaultListableBeanFactory:213 - Creating shared instance of singleton bean 'messageServiceImpl'
2019-03-04 17:50:07 DEBUG DefaultListableBeanFactory:213 - Creating shared instance of singleton bean 'messagePrinter'
2019-03-04 17:50:07 DEBUG DefaultListableBeanFactory:213 - Creating shared instance of singleton bean 'car1'
2019-03-04 17:50:07 DEBUG DefaultListableBeanFactory:213 - Creating shared instance of singleton bean 'car2'
2019-03-04 17:50:07 DEBUG DefaultListableBeanFactory:213 - Creating shared instance of singleton bean 'car3'
2019-03-04 17:50:07 DEBUG DefaultListableBeanFactory:213 - Creating shared instance of singleton bean 'bosses1'
2019-03-04 17:50:07 DEBUG DefaultListableBeanFactory:213 - Creating shared instance of singleton bean 'bosses2'
2019-03-04 17:50:07 DEBUG DefaultListableBeanFactory:213 - Creating shared instance of singleton bean 'bosses3'
2019-03-04 17:50:07 DEBUG DefaultListableBeanFactory:213 - Creating shared instance of singleton bean 'meeting'
2019-03-04 17:50:07 DEBUG DefaultListableBeanFactory:213 - Creating shared instance of singleton bean 'max'
2019-03-04 17:50:07 DEBUG DefaultListableBeanFactory:213 - Creating shared instance of singleton bean 'UserLogin'
2019-03-04 17:50:07 DEBUG DefaultCacheAwareContextLoaderDelegate:119 - Storing ApplicationContext in cache under key [[MergedContextConfiguration@bcec361 testClass = UserLoginTest, locations = '{classpath:/spring.xml}', classes = '{}', contextInitializerClasses = '[]', activeProfiles = '{}', propertySourceLocations = '{}', propertySourceProperties = '{}', contextCustomizers = set[[empty]], contextLoader = 'org.springframework.test.context.support.DelegatingSmartContextLoader', parent = [null]]]
2019-03-04 17:50:07 DEBUG cache:290 - Spring test ApplicationContext cache statistics: [DefaultContextCache@7a220c9a size = 1, maxSize = 32, parentContextCount = 0, hitCount = 0, missCount = 1]
2019-03-04 17:50:07 DEBUG AbstractDirtiesContextTestExecutionListener:107 - Before test method: context [DefaultTestContext@4e08711f testClass = UserLoginTest, testInstance = experise.UserLoginTest@5dda768f, testMethod = userLogin@UserLoginTest, testException = [null], mergedContextConfiguration = [MergedContextConfiguration@bcec361 testClass = UserLoginTest, locations = '{classpath:/spring.xml}', classes = '{}', contextInitializerClasses = '[]', activeProfiles = '{}', propertySourceLocations = '{}', propertySourceProperties = '{}', contextCustomizers = set[[empty]], contextLoader = 'org.springframework.test.context.support.DelegatingSmartContextLoader', parent = [null]], attributes = map[[empty]]], class annotated with @DirtiesContext [false] with mode [null], method annotated with @DirtiesContext [false] with mode [null].
2019-03-04 17:50:07 DEBUG AbstractDirtiesContextTestExecutionListener:107 - After test method: context [DefaultTestContext@4e08711f testClass = UserLoginTest, testInstance = experise.UserLoginTest@5dda768f, testMethod = userLogin@UserLoginTest, testException = [null], mergedContextConfiguration = [MergedContextConfiguration@bcec361 testClass = UserLoginTest, locations = '{classpath:/spring.xml}', classes = '{}', contextInitializerClasses = '[]', activeProfiles = '{}', propertySourceLocations = '{}', propertySourceProperties = '{}', contextCustomizers = set[[empty]], contextLoader = 'org.springframework.test.context.support.DelegatingSmartContextLoader', parent = [null]], attributes = map[[empty]]], class annotated with @DirtiesContext [false] with mode [null], method annotated with @DirtiesContext [false] with mode [null].
2019-03-04 17:50:07 DEBUG AbstractDirtiesContextTestExecutionListener:142 - After test class: context [DefaultTestContext@4e08711f testClass = UserLoginTest, testInstance = [null], testMethod = [null], testException = [null], mergedContextConfiguration = [MergedContextConfiguration@bcec361 testClass = UserLoginTest, locations = '{classpath:/spring.xml}', classes = '{}', contextInitializerClasses = '[]', activeProfiles = '{}', propertySourceLocations = '{}', propertySourceProperties = '{}', contextCustomizers = set[[empty]], contextLoader = 'org.springframework.test.context.support.DelegatingSmartContextLoader', parent = [null]], attributes = map[[empty]]], class annotated with @DirtiesContext [false] with mode [null].
2019-03-04 17:50:07 DEBUG GenericApplicationContext:1002 - Closing org.springframework.context.support.GenericApplicationContext@4961f6af, started on Mon Mar 04 17:50:07 CST 2019
